<?xml version="1.0" encoding="UTF-8"?>
<!-- Generated by org.testng.reporters.JUnitReportReporter -->
<testsuite skipped="0" hostname="BOOK-IU0VCNTK32" name="Test_NG.NewTest_4" tests="3" failures="0" timestamp="06 Jul 2023 11:05:03 GMT" time="16.012" errors="0">
  <testcase name="login" time="6.609" classname="Test_NG.NewTest_4"/>
  <testcase name="verifyCreatepagetLink" time="5.547" classname="Test_NG.NewTest_4"/>
  <testcase name="forgotAccount" time="3.856" classname="Test_NG.NewTest_4"/>
</testsuite> <!-- Test_NG.NewTest_4 -->
