<?xml version="1.0" encoding="UTF-8"?>
<!-- Generated by org.testng.reporters.JUnitReportReporter -->
<testsuite skipped="0" hostname="BOOK-IU0VCNTK32" name="SirishaWebDRiver.FacebookRadioButton" tests="1" failures="0" timestamp="04 Jul 2023 11:38:07 GMT" time="6.553" errors="0">
  <testcase name="FBR" time="6.553" classname="SirishaWebDRiver.FacebookRadioButton"/>
</testsuite> <!-- SirishaWebDRiver.FacebookRadioButton -->
