<?xml version="1.0" encoding="UTF-8"?>
<!-- Generated by org.testng.reporters.JUnitReportReporter -->
<testsuite skipped="0" hostname="BOOK-IU0VCNTK32" name="Test_NG.NewTest_1" tests="2" failures="0" timestamp="04 Jul 2023 11:33:47 GMT" time="0.011" errors="0">
  <testcase name="f2" time="0.003" classname="Test_NG.NewTest_1"/>
  <testcase name="f1" time="0.008" classname="Test_NG.NewTest_1"/>
</testsuite> <!-- Test_NG.NewTest_1 -->
